"Script Starts" 
"Mon 10/17/2016: 10:10:32.21" 
"Moved Files Successfully" 
"Script Ends" 
"Mon 10/17/2016: 10:10:32.23"
"+++++++++++++++++++++++++++Script Starts : Mon 10/17/2016: 10:12:56.15"  
"Moved Files Successfully" 
"---------------------------Script Ends : Mon 10/17/2016: 10:12:56.16" 
"+++++++++++++++++++++++++++Script Starts : Mon 10/17/2016: 10:14:16.55"  
"Source Destination: "C:\Script\SourceLocation"" 
"Destination Folder: "C:\Script\FinalLocation"" 
"Moved Files Successfully" 
"---------------------------Script Ends : Mon 10/17/2016: 10:14:16.57" 
"+++++++++++++++++++++++++++Script Starts : Mon 10/17/2016: 10:16:32.30"  
"Source Destination: "C:\Script\SourceLocation"" 
"Destination Folder: "C:\Script\FinalLocation"" 
"Moved Files Successfully" 
"---------------------------Script Ends : Mon 10/17/2016: 10:16:32.32" 
"++++++++++++Script Starts : Mon 10/17/2016: 10:26:09.41"  
"Source Destination: "C:\Script\Source"" 
"Destination Folder: "C:\Script\Archive"" 
"Moved Files Successfully" 
"Renaming the File" 
"-------------Script Ends : Mon 10/17/2016: 10:26:09.44" 
"++++++++++++Script Starts : Mon 10/17/2016: 10:29:41.66"  
"Source Destination: "C:\Script\Source"" 
"Destination Folder: "C:\Script\Archive"" 
"Moved Files Successfully" 
"Renaming the File" 
"-------------Script Ends : Mon 10/17/2016: 10:29:41.68" 
"++++++++++++Script Starts : Mon 10/17/2016: 10:31:10.19"  
"Source Destination: "C:\Script\Source"" 
"Destination Folder: "C:\Script\Archive"" 
"Moved Files Successfully" 
"Renaming the File" 
"-------------Script Ends : Mon 10/17/2016: 10:31:10.21" 
"++++++++++++Script Starts : Mon 10/17/2016: 10:33:42.54"  
Source Destination: C:\Script\Source 
Destination Folder: C:\Script\Archive 
Moved Files Successfully 
Renaming the File 
-------------Script Ends : Mon 10/17/2016: 10:33:42.55 
"++++++++++++Script Starts : Mon 10/17/2016: 10:39:10.53"  
Source Destination: C:\Script\Source 
Destination Folder: C:\Script\Archive 
Moved Files Successfully 
Renaming the File 
-------------Script Ends : Mon 10/17/2016: 10:39:10.55 
"++++++++++++Script Starts : Mon 10/17/2016: 10:39:47.36"  
Source Destination: C:\Script\Source 
Destination Folder: C:\Script\Archive 
Moved Files Successfully 
Renaming the File 
-------------Script Ends : Mon 10/17/2016: 10:39:47.37 
"++++++++++++Script Starts : Mon 10/17/2016: 10:41:36.36"  
Source Destination: C:\Script\Source 
Destination Folder: C:\Script\Archive 
Moved Files Successfully 
Renaming the File 
-------------Script Ends : Mon 10/17/2016: 10:41:36.38 
"++++++++++++Script Starts : Mon 10/17/2016: 10:42:46.36"  
Source Destination: C:\Script\Source 
Destination Folder: C:\Script\Archive 
Moved Files Successfully 
Renaming the File 
-------------Script Ends : Mon 10/17/2016: 10:42:46.38 
"++++++++++++Script Starts : Mon 10/17/2016: 10:43:25.12"  
Source Destination: C:\Script\Source 
Destination Folder: C:\Script\Archive 
Moved Files Successfully 
Renaming the File 
-------------Script Ends : Mon 10/17/2016: 10:43:25.15 
"++++++++++++Script Starts : Mon 10/17/2016: 10:45:37.28"  
Source Destination: C:\Script\Source 
Destination Folder: C:\Script\Archive 
Renamed and Moved Files Successfully 
-------------Script Ends : Mon 10/17/2016: 10:45:37.29 
"++++++++++++Script Starts : Mon 10/17/2016: 10:45:44.66"  
Source Destination: C:\Script\Source 
Destination Folder: C:\Script\Archive 
Renamed and Moved Files Successfully 
-------------Script Ends : Mon 10/17/2016: 10:45:44.69 
"++++++++++++Script Starts : Mon 10/17/2016: 10:46:03.10"  
Source Destination: C:\Script\Source 
Destination Folder: C:\Script\Archive 
Renamed and Moved Files Successfully 
-------------Script Ends : Mon 10/17/2016: 10:46:03.11 
"++++++++++++Script Starts : Mon 10/17/2016: 15:02:20.07"  
Source Destination: C:\Arduino\Script\Source 
Mon 10/17/2016:15:02:20.08
Mon 10/17/2016:15:02:20.08
The system cannot find the file specified.
Mon 10/17/2016:15:02:20.08
Mon 10/17/2016:15:02:20.08
The system cannot find the file specified.
Mon 10/17/2016:15:02:20.08
A subdirectory or file C:\Arduino\Script\CONTACTS\CONTACTS_FILE already exists.
Mon 10/17/2016:15:02:20.08
-------------Script Ends : Mon 10/17/2016: 15:02:20.57 
"++++++++++++Script Starts : Mon 10/17/2016: 15:06:16.93"  
Source Destination: C:\Arduino\Script\Source 
Mon 10/17/2016:15:06:16.94
The system cannot find the path specified.
Mon 10/17/2016:15:06:16.94
The system cannot find the path specified.
Mon 10/17/2016:15:06:16.94
The system cannot find the path specified.
Mon 10/17/2016:15:06:16.94
The system cannot find the path specified.
Mon 10/17/2016:15:06:16.94
The system cannot find the path specified.
-------------Script Ends : Mon 10/17/2016: 15:06:17.39 
"++++++++++++Script Starts : Mon 10/17/2016: 15:07:06.04"  
Source Destination: C:\Arduino\Script\Source 
Mon 10/17/2016:15:07:06.05
The system cannot find the path specified.
Mon 10/17/2016:15:07:06.05
The system cannot find the path specified.
Mon 10/17/2016:15:07:06.05
The system cannot find the path specified.
Mon 10/17/2016:15:07:06.05
The system cannot find the path specified.
Mon 10/17/2016:15:07:06.05
The system cannot find the path specified.
-------------Script Ends : Mon 10/17/2016: 15:07:06.63 
"++++++++++++Script Starts : Mon 10/17/2016: 15:07:35.72"  
Source Destination: C:\Arduino\Script\Source 
Mon 10/17/2016:15:07:35.73
The system cannot find the path specified.
-------------Script Ends : Mon 10/17/2016: 15:07:36.19 
"++++++++++++Script Starts : Mon 10/17/2016: 15:08:39.34"  
Source Destination: C:\Arduino\Script\Source 
-------------Script Ends : Mon 10/17/2016: 15:08:39.84 
"++++++++++++Script Starts : Mon 10/17/2016: 15:09:28.61"  
Source Destination: C:\Arduino\Script\Source 
A subdirectory or file C:\Arduino\Script\ACCOUNTS\ACCOUNTS_FILE already exists.
-------------Script Ends : Mon 10/17/2016: 15:09:29.02 
"++++++++++++Script Starts : Mon 10/17/2016: 15:11:17.22"  
Source Destination: C:\Arduino\Script\Source 
A subdirectory or file C:\Arduino\Script\ACCOUNTS\ACCOUNTS_FILE already exists.
-------------Script Ends : Mon 10/17/2016: 15:11:17.67 
"++++++++++++Script Starts : Mon 10/17/2016: 15:13:56.60"  
Source Destination: C:\Arduino\Script\Source 
A subdirectory or file C:\Arduino\Script\ACCOUNTS\ACCOUNTS_FILE already exists.
_"_20161710_151117.csv" 
-------------Script Ends : Mon 10/17/2016: 15:13:57.04 
"++++++++++++Script Starts : Mon 10/17/2016: 15:16:57.99"  
Source Destination: C:\Arduino\Script\Source 
"_"_20161710_151356.csv"" 
-------------Script Ends : Mon 10/17/2016: 15:16:58.45 
"++++++++++++Script Starts : Mon 10/17/2016: 15:18:11.54"  
Source Destination: C:\Arduino\Script\Source 
-------------Script Ends : Mon 10/17/2016: 15:18:11.98 
"++++++++++++Script Starts : Mon 10/17/2016: 15:24:48.64"  
Source Destination: C:\Arduino\Script\Source 
A subdirectory or file C:\Arduino\Script\ACCOUNTS\ACCOUNTS_FILE already exists.
-------------Script Ends : Mon 10/17/2016: 15:24:49.12 
"++++++++++++Script Starts : Mon 10/17/2016: 15:26:01.46"  
Source Destination: C:\Arduino\Script\Source 
A subdirectory or file C:\Arduino\Script\ACCOUNTS\ACCOUNTS_FILE already exists.
-------------Script Ends : Mon 10/17/2016: 15:26:01.94 
"++++++++++++Script Starts : Mon 10/17/2016: 15:30:12.42"  
Source Destination: C:\Arduino\Script\Source 
-------------Script Ends : Mon 10/17/2016: 15:30:12.89 
"++++++++++++Script Starts : Mon 10/17/2016: 15:33:25.62"  
Source Destination: C:\Arduino\Script\Source 
A subdirectory or file C:\Arduino\Script\ACCOUNTS\ACCOUNTS_FILE already exists.
-------------Script Ends : Mon 10/17/2016: 15:33:26.07 
"++++++++++++Script Starts : Mon 10/17/2016: 15:35:44.28"  
Source Destination: C:\Arduino\Script\Source 
A subdirectory or file C:\Arduino\Script\ACCOUNTS\ACCOUNTS_FILE already exists.
-------------Script Ends : Mon 10/17/2016: 15:35:44.76 
"++++++++++++Script Starts : Mon 10/17/2016: 15:40:39.02"  
Source Destination: C:\Arduino\Script\Source 
-------------Script Ends : Mon 10/17/2016: 15:40:39.51 
"++++++++++++Script Starts : Mon 10/17/2016: 15:42:33.50"  
Source Destination: C:\Arduino\Script\Source 
A subdirectory or file C:\Arduino\Script\ACCOUNTS\ACCOUNTS_FILE already exists.
-------------Script Ends : Mon 10/17/2016: 15:42:33.95 
"++++++++++++Script Starts : Mon 10/17/2016: 15:45:19.85"  
Source Destination: C:\Arduino\Script\Source 
A subdirectory or file C:\Arduino\Script\ACCOUNTS\ACCOUNTS_FILE already exists.
-------------Script Ends : Mon 10/17/2016: 15:45:20.27 
"++++++++++++Script Starts : Mon 10/17/2016: 15:46:41.73"  
Source Destination: C:\Arduino\Script\Source 
A subdirectory or file C:\Arduino\Script\ACCOUNTS\ACCOUNTS_FILE already exists.
-------------Script Ends : Mon 10/17/2016: 15:46:42.14 
"++++++++++++Script Starts : Mon 10/17/2016: 15:47:16.29"  
Source Destination: C:\Arduino\Script\Source 
-------------Script Ends : Mon 10/17/2016: 15:47:16.72 
"++++++++++++Script Starts : Mon 10/17/2016: 15:47:36.95"  
Source Destination: C:\Arduino\Script\Source 
A subdirectory or file C:\Arduino\Script\ACCOUNTS\ACCOUNTS_FILE already exists.
-------------Script Ends : Mon 10/17/2016: 15:47:37.38 
"++++++++++++Script Starts : Mon 10/17/2016: 15:48:47.74"  
Source Destination: C:\Arduino\Script\Source 
A subdirectory or file C:\Arduino\Script\ACCOUNTS\ACCOUNTS_FILE already exists.
-------------Script Ends : Mon 10/17/2016: 15:48:48.17 
"++++++++++++Script Starts : Mon 10/17/2016: 15:49:24.63"  
Source Destination: C:\Arduino\Script\Source 
A subdirectory or file C:\Arduino\Script\ACCOUNTS\ACCOUNTS_FILE already exists.
-------------Script Ends : Mon 10/17/2016: 15:49:25.07 
"++++++++++++Script Starts : Mon 10/17/2016: 15:53:31.14"  
Source Destination: C:\Arduino\Script\Source 
A subdirectory or file C:\Arduino\Script\ACCOUNTS\ACCOUNTS_FILE already exists.
-------------Script Ends : Mon 10/17/2016: 15:53:31.57 
"++++++++++++Script Starts : Mon 10/17/2016: 16:22:18.04"  
Source Destination: C:\Arduino\Script\Source 
A subdirectory or file C:\Arduino\Script\ACCOUNTS\ACCOUNTS_FILE already exists.
-------------Script Ends : Mon 10/17/2016: 16:22:18.74 
"++++++++++++Script Starts : Mon 10/17/2016: 16:28:44.48"  
Source Destination: C:\Arduino\Script\Source 
A subdirectory or file C:\Arduino\Script\ACCOUNTS\ACCOUNTS_FILE already exists.
-------------Script Ends : Mon 10/17/2016: 16:28:44.91 
"++++++++++++Script Starts : Mon 10/17/2016: 16:29:15.62"  
Source Destination: C:\Arduino\Script\Source 
A subdirectory or file C:\Arduino\Script\ACCOUNTS\ACCOUNTS_FILE already exists.
-------------Script Ends : Mon 10/17/2016: 16:29:16.18 
"++++++++++++Script Starts : Mon 10/17/2016: 16:31:16.39"  
Source Destination: C:\Arduino\Script\Source 
A subdirectory or file C:\Arduino\Script\ACCOUNTS\ACCOUNTS_FILE already exists.
-------------Script Ends : Mon 10/17/2016: 16:31:16.78 
"++++++++++++Script Starts : Mon 10/17/2016: 16:32:09.85"  
Source Destination: C:\Arduino\Script\Source 
-------------Script Ends : Mon 10/17/2016: 16:32:10.33 
"++++++++++++Script Starts : Mon 10/17/2016: 16:32:25.45"  
Source Destination: C:\Arduino\Script\Source 
A subdirectory or file C:\Arduino\Script\ACCOUNTS\ACCOUNTS_FILE already exists.
-------------Script Ends : Mon 10/17/2016: 16:32:25.89 
"++++++++++++Script Starts : Mon 10/17/2016: 16:32:47.33"  
Source Destination: C:\Arduino\Script\Source 
A subdirectory or file C:\Arduino\Script\ACCOUNTS\ACCOUNTS_FILE already exists.
-------------Script Ends : Mon 10/17/2016: 16:32:47.78 
"++++++++++++Script Starts : Mon 10/17/2016: 16:34:49.86"  
Source Destination: C:\Arduino\Script\Source 
A subdirectory or file C:\Arduino\Script\ACCOUNTS\ACCOUNTS_FILE already exists.
-------------Script Ends : Mon 10/17/2016: 16:34:50.30 
"++++++++++++Script Starts : Mon 10/17/2016: 16:36:16.84"  
Source Destination: C:\Arduino\Script\Source 
A subdirectory or file C:\Arduino\Script\ACCOUNTS\ACCOUNTS_FILE already exists.
C:\Arduino\Script\ACCOUNTS\ACCOUNTS_FILE B2.txt 
_20161710_163616.csv
_20161710_163616.csv
-------------Script Ends : Mon 10/17/2016: 16:36:17.23 
"++++++++++++Script Starts : Mon 10/17/2016: 17:06:09.31"  
Source Destination: C:\Arduino\Script\Source 
A subdirectory or file C:\Arduino\Script\ACCOUNTS\ACCOUNTS_FILE already exists.
C:\Arduino\Script\ACCOUNTS\ACCOUNTS_FILE B2.txt 
-------------Script Ends : Mon 10/17/2016: 17:06:09.83 
"++++++++++++Script Starts : Mon 10/17/2016: 17:08:18.91"  
Source Destination: C:\Arduino\Script\Source 
A subdirectory or file C:\Arduino\Script\ACCOUNTS\ACCOUNTS_FILE already exists.
C:\Arduino\Script\ACCOUNTS\ACCOUNTS_FILE B2.txt 
-------------Script Ends : Mon 10/17/2016: 17:08:19.40 
"++++++++++++Script Starts : Mon 10/17/2016: 17:09:52.42"  
Source Destination: C:\Arduino\Script\Source 
-------------Script Ends : Mon 10/17/2016: 17:09:52.82 
"++++++++++++Script Starts : Mon 10/17/2016: 17:10:00.67"  
Source Destination: C:\Arduino\Script\Source 
A subdirectory or file C:\Arduino\Script\ACCOUNTS\ACCOUNTS_FILE already exists.
C:\Arduino\Script\ACCOUNTS\ACCOUNTS_FILE B2.txt 
-------------Script Ends : Mon 10/17/2016: 17:10:01.26 
"++++++++++++Script Starts : Mon 10/17/2016: 17:11:06.37"  
Source Destination: C:\Arduino\Script\Source 
A subdirectory or file C:\Arduino\Script\ACCOUNTS\ACCOUNTS_FILE already exists.
C:\Arduino\Script\ACCOUNTS\ACCOUNTS_FILE B2.txt 
-------------Script Ends : Mon 10/17/2016: 17:11:06.81 
"++++++++++++Script Starts : Mon 10/17/2016: 17:13:41.67"  
Source Destination: C:\Arduino\Script\Source 
A subdirectory or file C:\Arduino\Script\ACCOUNTS\ACCOUNTS_FILE already exists.
C:\Arduino\Script\ACCOUNTS\ACCOUNTS_FILE B2.txt 
-------------Script Ends : Mon 10/17/2016: 17:13:42.07 
"++++++++++++Script Starts : Mon 10/17/2016: 17:14:48.71"  
Source Destination: C:\Arduino\Script\Source 
A subdirectory or file C:\Arduino\Script\ACCOUNTS\ACCOUNTS_FILE already exists.
C:\Arduino\Script\ACCOUNTS\ACCOUNTS_FILE B2.txt 
-------------Script Ends : Mon 10/17/2016: 17:14:52.18 
"++++++++++++Script Starts : Mon 10/17/2016: 17:15:41.77"  
Source Destination: C:\Arduino\Script\Source 
A subdirectory or file C:\Arduino\Script\ACCOUNTS\ACCOUNTS_FILE already exists.
C:\Arduino\Script\ACCOUNTS\ACCOUNTS_FILE B2.txt 
-------------Script Ends : Mon 10/17/2016: 17:15:42.17 
"++++++++++++Script Starts : Mon 10/17/2016: 17:17:22.61"  
Source Destination: C:\Arduino\Script\Source 
A subdirectory or file C:\Arduino\Script\ACCOUNTS\ACCOUNTS_FILE already exists.
C:\Arduino\Script\ACCOUNTS\ACCOUNTS_FILE B2.csv 
-------------Script Ends : Mon 10/17/2016: 17:17:23.04 
"++++++++++++Script Starts : Mon 10/17/2016: 17:21:10.88"  
Source Destination: C:\Arduino\Script\Source 
A subdirectory or file C:\Arduino\Script\ACCOUNTS\ACCOUNTS_FILE already exists.
C:\Arduino\Script\ACCOUNTS\ACCOUNTS_FILE B2.txt 
-------------Script Ends : Mon 10/17/2016: 17:21:11.29 
"++++++++++++Script Starts : Mon 10/17/2016: 21:20:07.42"  
Source Destination: C:\Arduino\Script\Source 
A subdirectory or file C:\Arduino\Script\ACCOUNTS\ACCOUNTS_FILE already exists.
C:\Arduino\Script\ACCOUNTS\ACCOUNTS_FILE B2.csv 
-------------Script Ends : Mon 10/17/2016: 21:20:07.98 
"++++++++++++Script Starts : Mon 10/17/2016: 21:30:14.74"  
Source Destination: C:\Arduino\Script\Source 
A subdirectory or file C:\Arduino\Script\ACCOUNTS\ACCOUNTS_FILE already exists.
The syntax of the command is incorrect.
C:\Arduino\Script\ACCOUNTS\ACCOUNTS_FILE B245454545345 - Copy.txt 
A subdirectory or file C:\Arduino\Script\ACCOUNTS\ACCOUNTS_FILE already exists.
C:\Arduino\Script\ACCOUNTS\ACCOUNTS_FILE B245454545345.txt 
-------------Script Ends : Mon 10/17/2016: 21:30:15.26 
"++++++++++++Script Starts : Mon 10/17/2016: 21:30:53.13"  
Source Destination: C:\Arduino\Script\Source 
C:\Arduino\Script\CONTACTS\CONTACTS_FILE C245454545345.txt 
-------------Script Ends : Mon 10/17/2016: 21:30:53.61 
"++++++++++++Script Starts : Mon 10/17/2016: 21:37:15.23"  
Source Destination: C:\Arduino\Script\Source 
A subdirectory or file C:\Arduino\Script\ACCOUNTS\ACCOUNTS_FILE already exists.
-------------Script Ends : Mon 10/17/2016: 21:37:15.73 
"++++++++++++Script Starts : Mon 10/17/2016: 21:38:42.18"  
Source Destination: C:\Arduino\Script\Source 
A subdirectory or file C:\Arduino\Script\ACCOUNTS\ACCOUNTS_FILE already exists.
-------------Script Ends : Mon 10/17/2016: 21:38:42.80 
"++++++++++++Script Starts : Mon 10/17/2016: 21:40:20.57"  
Source Destination: C:\Arduino\Script\Source 
"++++++++++++Script Starts : Mon 10/17/2016: 21:43:05.25"  
Source Destination: C:\Arduino\Script\Source 
A subdirectory or file C:\Arduino\Script\ACCOUNTS\ACCOUNTS_FILE already exists.
-------------Script Ends : Mon 10/17/2016: 21:43:05.94 
"++++++++++++Script Starts : Mon 10/17/2016: 21:47:43.49"  
Source Destination: C:\Arduino\Script\Source 
A subdirectory or file C:\Arduino\Script\ACCOUNTS\ACCOUNTS_FILE already exists.
-------------Script Ends : Mon 10/17/2016: 21:47:44.11 
"++++++++++++Script Starts : Mon 10/17/2016: 21:48:59.49"  
Source Destination: C:\Arduino\Script\Source 
-------------Script Ends : Mon 10/17/2016: 21:48:59.96 
"++++++++++++Script Starts : Mon 10/17/2016: 21:49:14.27"  
Source Destination: C:\Arduino\Script\Source 
-------------Script Ends : Mon 10/17/2016: 21:49:14.79 
"++++++++++++Script Starts : Mon 10/17/2016: 21:49:27.89"  
Source Destination: C:\Arduino\Script\Source 
A subdirectory or file C:\Arduino\Script\ACCOUNTS\ACCOUNTS_FILE already exists.
-------------Script Ends : Mon 10/17/2016: 21:49:28.35 
"++++++++++++Script Starts : Mon 10/17/2016: 21:50:29.87"  
Source Destination: C:\Arduino\Script\Source 
-------------Script Ends : Mon 10/17/2016: 21:50:30.49 
++++++++++++Script Starts : Mon 10/17/2016: 21:59:35.96  
Directory:C:\Arduino\Script\ACCOUNTS\ACCOUNTS_FILE, FilePattern:B*.*, MatchedFile:B34343.txt 
A subdirectory or file C:\Arduino\Script\ACCOUNTS\ACCOUNTS_FILE already exists.
NewFileName : newFi 
FileMoved... 
-------------Script Ends : Mon 10/17/2016: 21:59:37.31 
++++++++++++Script Starts : Mon 10/17/2016: 22:01:20.03  
Directory:C:\Arduino\Script\CONTACTS\CONTACTS_FILE, FilePattern:C*.*, MatchedFile:C232.pub 
A subdirectory or file C:\Arduino\Script\CONTACTS\CONTACTS_FILE already exists.
NewFileName : C:\Arduino\Script\CONTACTS\CONTACTS_FILE\C232__20161710_220120.csv 
FileMoved... 
-------------Script Ends : Mon 10/17/2016: 22:01:21.71 
